<?xml version="1.0" encoding="UTF-8"?>
<testng-results skipped="0" failed="0" ignored="0" total="2" passed="2">
  <reporter-output>
    <line>
      <![CDATA[Session is being launched]]>
    </line>
    <line>
      <![CDATA[Username inputted]]>
    </line>
    <line>
      <![CDATA[Password inputted]]>
    </line>
    <line>
      <![CDATA[Browser Closed]]>
    </line>
    <line>
      <![CDATA[Session is being launched]]>
    </line>
    <line>
      <![CDATA[Username inputted]]>
    </line>
    <line>
      <![CDATA[Password inputted]]>
    </line>
    <line>
      <![CDATA[Browser Closed]]>
    </line>
  </reporter-output>
  <suite name="Default suite" duration-ms="34053" started-at="2020-01-20T13:29:46 EST" finished-at="2020-01-20T13:30:20 EST">
    <groups>
    </groups>
    <test name="Default test" duration-ms="34053" started-at="2020-01-20T13:29:46 EST" finished-at="2020-01-20T13:30:20 EST">
      <class name="myTestNGfirstRun.validLoginCheck">
        <test-method status="PASS" signature="launchApplication()[pri:0, instance:myTestNGfirstRun.validLoginCheck@20398b7c]" name="launchApplication" is-config="true" duration-ms="5650" started-at="2020-01-20T13:29:46 EST" finished-at="2020-01-20T13:29:52 EST">
          <reporter-output>
            <line>
              <![CDATA[Session is being launched]]>
            </line>
          </reporter-output>
        </test-method> <!-- launchApplication -->
        <test-method status="PASS" signature="inputvalidCredentials(java.lang.String, java.lang.String)[pri:0, instance:myTestNGfirstRun.validLoginCheck@20398b7c]" name="inputvalidCredentials" duration-ms="9691" started-at="2020-01-20T13:29:52 EST" description="Verify if the user is able to Login" data-provider="myDataRepository" finished-at="2020-01-20T13:30:01 EST">
          <params>
            <param index="0">
              <value>
                <![CDATA[riniclaudia22]]>
              </value>
            </param>
            <param index="1">
              <value>
                <![CDATA[Password1]]>
              </value>
            </param>
          </params>
          <reporter-output>
            <line>
              <![CDATA[Username inputted]]>
            </line>
            <line>
              <![CDATA[Password inputted]]>
            </line>
          </reporter-output>
        </test-method> <!-- inputvalidCredentials -->
        <test-method status="PASS" signature="closeApplication()[pri:0, instance:myTestNGfirstRun.validLoginCheck@20398b7c]" name="closeApplication" is-config="true" duration-ms="2090" started-at="2020-01-20T13:30:01 EST" finished-at="2020-01-20T13:30:03 EST">
          <reporter-output>
            <line>
              <![CDATA[Browser Closed]]>
            </line>
          </reporter-output>
        </test-method> <!-- closeApplication -->
        <test-method status="PASS" signature="launchApplication()[pri:0, instance:myTestNGfirstRun.validLoginCheck@20398b7c]" name="launchApplication" is-config="true" duration-ms="4549" started-at="2020-01-20T13:30:03 EST" finished-at="2020-01-20T13:30:08 EST">
          <reporter-output>
            <line>
              <![CDATA[Session is being launched]]>
            </line>
          </reporter-output>
        </test-method> <!-- launchApplication -->
        <test-method status="PASS" signature="inputvalidCredentials(java.lang.String, java.lang.String)[pri:0, instance:myTestNGfirstRun.validLoginCheck@20398b7c]" name="inputvalidCredentials" duration-ms="9696" started-at="2020-01-20T13:30:08 EST" description="Verify if the user is able to Login" data-provider="myDataRepository" finished-at="2020-01-20T13:30:18 EST">
          <params>
            <param index="0">
              <value>
                <![CDATA[riniclaudia]]>
              </value>
            </param>
            <param index="1">
              <value>
                <![CDATA[Password2]]>
              </value>
            </param>
          </params>
          <reporter-output>
            <line>
              <![CDATA[Username inputted]]>
            </line>
            <line>
              <![CDATA[Password inputted]]>
            </line>
          </reporter-output>
        </test-method> <!-- inputvalidCredentials -->
        <test-method status="PASS" signature="closeApplication()[pri:0, instance:myTestNGfirstRun.validLoginCheck@20398b7c]" name="closeApplication" is-config="true" duration-ms="2328" started-at="2020-01-20T13:30:18 EST" finished-at="2020-01-20T13:30:20 EST">
          <reporter-output>
            <line>
              <![CDATA[Browser Closed]]>
            </line>
          </reporter-output>
        </test-method> <!-- closeApplication -->
      </class> <!-- myTestNGfirstRun.validLoginCheck -->
    </test> <!-- Default test -->
  </suite> <!-- Default suite -->
</testng-results>
