<?xml version="1.0" encoding="UTF-8"?>
<!-- Generated by org.testng.reporters.JUnitXMLReporter -->
<testsuite hostname="DESKTOP-VNBCARV" ignored="0" name="Test" tests="9" failures="0" timestamp="2020-02-07T20:47:07 EST" time="98.454" errors="0">
  <testcase name="HomePage" time="24.971" classname="com.adwaytech.testcases.HomePageCheck"/>
  <testcase name="LoginValidTest1" time="43.927" classname="com.adwaytech.testcases.LoginAdway"/>
  <testcase name="LoginValidTest3" time="45.931" classname="com.adwaytech.testcases.LoginAdway"/>
  <testcase name="LoginValidTest4" time="48.422" classname="com.adwaytech.testcases.LoginAdway"/>
  <testcase name="LoginValidTest2" time="48.646" classname="com.adwaytech.testcases.LoginAdway"/>
  <testcase name="LoginValidTest5" time="26.032" classname="com.adwaytech.testcases.LoginAdway"/>
  <testcase name="LoginValidTest6" time="28.09" classname="com.adwaytech.testcases.LoginAdway"/>
  <testcase name="LoginValidTest7" time="30.832" classname="com.adwaytech.testcases.LoginAdway"/>
  <testcase name="LoginValidTest8" time="49.976" classname="com.adwaytech.testcases.LoginAdway"/>
</testsuite> <!-- Test -->
